\BOOKMARK [0][-]{chapter.1}{About S3QL}{}
\BOOKMARK [1][-]{section.1.1}{Features}{chapter.1}
\BOOKMARK [1][-]{section.1.2}{Development Status}{chapter.1}
\BOOKMARK [0][-]{chapter.2}{Installation}{}
\BOOKMARK [1][-]{section.2.1}{Dependencies}{chapter.2}
\BOOKMARK [1][-]{section.2.2}{Installing S3QL}{chapter.2}
\BOOKMARK [0][-]{chapter.3}{General Information}{}
\BOOKMARK [1][-]{section.3.1}{Terminology}{chapter.3}
\BOOKMARK [1][-]{section.3.2}{Storing Authentication Information}{chapter.3}
\BOOKMARK [1][-]{section.3.3}{On Backend Reliability}{chapter.3}
\BOOKMARK [0][-]{chapter.4}{Storage Backends}{}
\BOOKMARK [1][-]{section.4.1}{Google Storage}{chapter.4}
\BOOKMARK [1][-]{section.4.2}{Amazon S3}{chapter.4}
\BOOKMARK [1][-]{section.4.3}{S3 compatible}{chapter.4}
\BOOKMARK [1][-]{section.4.4}{Local}{chapter.4}
\BOOKMARK [1][-]{section.4.5}{SSH/SFTP}{chapter.4}
\BOOKMARK [0][-]{chapter.5}{File System Creation}{}
\BOOKMARK [0][-]{chapter.6}{Managing Buckets}{}
\BOOKMARK [1][-]{section.6.1}{Changing the Passphrase}{chapter.6}
\BOOKMARK [1][-]{section.6.2}{Upgrading the file system}{chapter.6}
\BOOKMARK [1][-]{section.6.3}{Deleting a file system}{chapter.6}
\BOOKMARK [1][-]{section.6.4}{Restoring Metadata Backups}{chapter.6}
\BOOKMARK [0][-]{chapter.7}{Mounting}{}
\BOOKMARK [1][-]{section.7.1}{Compression Algorithms}{chapter.7}
\BOOKMARK [1][-]{section.7.2}{Parallel Compression}{chapter.7}
\BOOKMARK [1][-]{section.7.3}{Notes about Caching}{chapter.7}
\BOOKMARK [1][-]{section.7.4}{Automatic Mounting}{chapter.7}
\BOOKMARK [0][-]{chapter.8}{Advanced S3QL Features}{}
\BOOKMARK [1][-]{section.8.1}{Snapshotting and Copy-on-Write}{chapter.8}
\BOOKMARK [1][-]{section.8.2}{Getting Statistics}{chapter.8}
\BOOKMARK [1][-]{section.8.3}{Immutable Trees}{chapter.8}
\BOOKMARK [1][-]{section.8.4}{Fast Recursive Removal}{chapter.8}
\BOOKMARK [1][-]{section.8.5}{Runtime Configuration}{chapter.8}
\BOOKMARK [0][-]{chapter.9}{Unmounting}{}
\BOOKMARK [0][-]{chapter.10}{Checking for Errors}{}
\BOOKMARK [0][-]{chapter.11}{Contributed Programs}{}
\BOOKMARK [1][-]{section.11.1}{benchmark.py}{chapter.11}
\BOOKMARK [1][-]{section.11.2}{s3\137copy.py}{chapter.11}
\BOOKMARK [1][-]{section.11.3}{pcp.py}{chapter.11}
\BOOKMARK [1][-]{section.11.4}{s3\137backup.sh}{chapter.11}
\BOOKMARK [1][-]{section.11.5}{expire\137backups.py}{chapter.11}
\BOOKMARK [1][-]{section.11.6}{s3ql.conf}{chapter.11}
\BOOKMARK [0][-]{chapter.12}{Tips \046 Tricks}{}
\BOOKMARK [1][-]{section.12.1}{SSH Backend}{chapter.12}
\BOOKMARK [1][-]{section.12.2}{Permanently mounted backup file system}{chapter.12}
\BOOKMARK [1][-]{section.12.3}{Improving copy performance}{chapter.12}
\BOOKMARK [0][-]{chapter.13}{Known Issues}{}
\BOOKMARK [0][-]{chapter.14}{Manpages}{}
\BOOKMARK [1][-]{section.14.1}{The mkfs.s3ql command}{chapter.14}
\BOOKMARK [1][-]{section.14.2}{The s3qladm command}{chapter.14}
\BOOKMARK [1][-]{section.14.3}{The mount.s3ql command}{chapter.14}
\BOOKMARK [1][-]{section.14.4}{The s3qlstat command}{chapter.14}
\BOOKMARK [1][-]{section.14.5}{The s3qlctrl command}{chapter.14}
\BOOKMARK [1][-]{section.14.6}{The s3qlcp command}{chapter.14}
\BOOKMARK [1][-]{section.14.7}{The s3qlrm command}{chapter.14}
\BOOKMARK [1][-]{section.14.8}{The s3qllock command}{chapter.14}
\BOOKMARK [1][-]{section.14.9}{The umount.s3ql command}{chapter.14}
\BOOKMARK [1][-]{section.14.10}{The fsck.s3ql command}{chapter.14}
\BOOKMARK [1][-]{section.14.11}{The pcp command}{chapter.14}
\BOOKMARK [1][-]{section.14.12}{The expire\137backups command}{chapter.14}
\BOOKMARK [0][-]{chapter.15}{Further Resources / Getting Help}{}
